<?xml version="1.0" encoding="UTF-8"?>
<!-- Generated by org.testng.reporters.JUnitReportReporter -->
<testsuite hostname="pcbuilds-MacBook-Pro.local" failures="0" tests="1" name="com.functional.restTest" time="1.159" errors="0" timestamp="20 Jul 2021 05:31:05 GMT">
  <testcase classname="com.functional.restTest" name="mytest" time="1.159"/>
</testsuite> <!-- com.functional.restTest -->
